<?xml version="1.0" encoding="UTF-8"?>
<!-- Generated by org.testng.reporters.JUnitReportReporter -->
<testsuite hostname="DESKTOP-AF67KGU" failures="0" tests="1" name="swag_lab3.Sortig_high_to_low" time="0.216" errors="0" timestamp="2022-11-22T18:58:15 EET" skipped="0">
  <testcase classname="swag_lab3.Sortig_high_to_low" name="test_high_to_low" time="0.216"/>
  <system-out/>
</testsuite> <!-- swag_lab3.Sortig_high_to_low -->
